#
# There is insufficient memory for the Java Runtime Environment to continue.
# Native memory allocation (mmap) failed to map 1073741824 bytes for G1 virtual space
# Possible reasons:
#   The system is out of physical RAM or swap space
#   The process is running with CompressedOops enabled, and the Java Heap may be blocking the growth of the native heap
# Possible solutions:
#   Reduce memory load on the system
#   Increase physical memory or swap space
#   Check if swap backing store is full
#   Decrease Java heap size (-Xmx/-Xms)
#   Decrease number of Java threads
#   Decrease Java thread stack sizes (-Xss)
#   Set larger code cache with -XX:ReservedCodeCacheSize=
#   JVM is running with Unscaled Compressed Oops mode in which the Java heap is
#     placed in the first 4GB address space. The Java Heap base address is the
#     maximum limit for the native heap growth. Please use -XX:HeapBaseMinAddress
#     to set the Java Heap base and to place the Java Heap above 4GB virtual address.
# This output file may be truncated or incomplete.
#
#  Out of Memory Error (os_windows.cpp:3535), pid=11776, tid=14236
#
# JRE version:  (17.0.4.1+1) (build )
# Java VM: Java HotSpot(TM) 64-Bit Server VM (17.0.4.1+1-LTS-2, mixed mode, sharing, tiered, compressed oops, compressed class ptrs, g1 gc, windows-amd64)
# No core dump will be written. Minidumps are not enabled by default on client versions of Windows
#

---------------  S U M M A R Y ------------

Command Line: -Dfile.encoding=UTF-8 -Dscala.ext.dirs=C:\Users\MMC\.sbt\1.0\java9-rt-ext-oracle_corporation_17_0_4_1 -Xms1024m -Xmx1024m -Xss4M -XX:ReservedCodeCacheSize=128m xsbt.boot.Boot

Host: Intel(R) Core(TM) i7-6600U CPU @ 2.60GHz, 4 cores, 7G,  Windows 10 , 64 bit Build 19041 (10.0.19041.1566)
Time: Thu Sep 29 12:17:37 2022 Pakistan Standard Time elapsed time: 0.019719 seconds (0d 0h 0m 0s)

---------------  T H R E A D  ---------------

Current thread (0x0000026e3066e1a0):  JavaThread "Unknown thread" [_thread_in_vm, id=14236, stack(0x0000007703500000,0x0000007703900000)]

Stack: [0x0000007703500000,0x0000007703900000]
Native frames: (J=compiled Java code, j=interpreted, Vv=VM code, C=native code)
V  [jvm.dll+0x6723ba]
V  [jvm.dll+0x7d1e34]
V  [jvm.dll+0x7d35de]
V  [jvm.dll+0x7d3c43]
V  [jvm.dll+0x243065]
V  [jvm.dll+0x66f2d9]
V  [jvm.dll+0x663c22]
V  [jvm.dll+0x3011cb]
V  [jvm.dll+0x308766]
V  [jvm.dll+0x35846e]
V  [jvm.dll+0x35869f]
V  [jvm.dll+0x2d83e8]
V  [jvm.dll+0x2d9354]
V  [jvm.dll+0x7a3911]
V  [jvm.dll+0x3662c1]
V  [jvm.dll+0x782d7c]
V  [jvm.dll+0x3e8c1f]
V  [jvm.dll+0x3ea6c1]
C  [jli.dll+0x527b]
C  [ucrtbase.dll+0x21bb2]
C  [KERNEL32.DLL+0x17034]
C  [ntdll.dll+0x52651]


---------------  P R O C E S S  ---------------

Threads class SMR info:
_java_thread_list=0x00007ffc9db6a858, length=0, elements={
}

Java Threads: ( => current thread )

Other Threads:
  0x0000026e306a9420 GCTaskThread "GC Thread#0" [stack: 0x0000007703900000,0x0000007703a00000] [id=9492]
  0x0000026e306b2360 ConcurrentGCThread "G1 Main Marker" [stack: 0x0000007703a00000,0x0000007703b00000] [id=2632]
  0x0000026e306b4520 ConcurrentGCThread "G1 Conc#0" [stack: 0x0000007703b00000,0x0000007703c00000] [id=2016]

[error occurred during error reporting (printing all threads), id 0xc0000005, EXCEPTION_ACCESS_VIOLATION (0xc0000005) at pc=0x00007ffc9d3b8dd7]

VM state: not at safepoint (not fully initialized)

VM Mutex/Monitor currently owned by a thread:  ([mutex/lock_event])
[0x0000026e30668bc0] Heap_lock - owner thread: 0x0000026e3066e1a0

Heap address: 0x00000000c0000000, size: 1024 MB, Compressed Oops mode: 32-bit

CDS archive(s) mapped at: [0x0000000000000000-0x0000000000000000-0x0000000000000000), size 0, SharedBaseAddress: 0x0000000800000000, ArchiveRelocationMode: 0.
Narrow klass base: 0x0000000000000000, Narrow klass shift: 0, Narrow klass range: 0x0

GC Precious Log:
<Empty>

Heap:
 garbage-first heap   total 0K, used 0K [0x00000000c0000000, 0x0000000100000000)
  region size 1024K, 0 young (0K), 0 survivors (0K)

[error occurred during error reporting (printing heap information), id 0xc0000005, EXCEPTION_ACCESS_VIOLATION (0xc0000005) at pc=0x00007ffc9d79b869]

GC Heap History (0 events):
No events

Deoptimization events (0 events):
No events

Classes unloaded (0 events):
No events

Classes redefined (0 events):
No events

Internal exceptions (0 events):
No events

VM Operations (0 events):
No events

Events (1 events):
Event: 0.009 Loaded shared library C:\Program Files\Java\jdk-17.0.4.1\bin\java.dll


Dynamic libraries:
0x00007ff609e90000 - 0x00007ff609ea0000 	C:\Program Files\Java\jdk-17.0.4.1\bin\java.exe
0x00007ffcf05d0000 - 0x00007ffcf07c5000 	C:\WINDOWS\SYSTEM32\ntdll.dll
0x00007ffcee7f0000 - 0x00007ffcee8ae000 	C:\WINDOWS\System32\KERNEL32.DLL
0x00007ffcee300000 - 0x00007ffcee5c8000 	C:\WINDOWS\System32\KERNELBASE.dll
0x00007ffcee200000 - 0x00007ffcee300000 	C:\WINDOWS\System32\ucrtbase.dll
0x00007ffce84f0000 - 0x00007ffce8508000 	C:\Program Files\Java\jdk-17.0.4.1\bin\jli.dll
0x00007ffcee690000 - 0x00007ffcee73e000 	C:\WINDOWS\System32\ADVAPI32.dll
0x00007ffcef440000 - 0x00007ffcef4de000 	C:\WINDOWS\System32\msvcrt.dll
0x00007ffcdf7d0000 - 0x00007ffcdf7ea000 	C:\Program Files\Java\jdk-17.0.4.1\bin\VCRUNTIME140.dll
0x00007ffcee740000 - 0x00007ffcee7dc000 	C:\WINDOWS\System32\sechost.dll
0x00007ffcef310000 - 0x00007ffcef435000 	C:\WINDOWS\System32\RPCRT4.dll
0x00007ffcee990000 - 0x00007ffceeb30000 	C:\WINDOWS\System32\USER32.dll
0x00007ffcee5d0000 - 0x00007ffcee5f2000 	C:\WINDOWS\System32\win32u.dll
0x00007ffcd4060000 - 0x00007ffcd42fa000 	C:\WINDOWS\WinSxS\amd64_microsoft.windows.common-controls_6595b64144ccf1df_6.0.19041.1110_none_60b5254171f9507e\COMCTL32.dll
0x00007ffcef660000 - 0x00007ffcef68b000 	C:\WINDOWS\System32\GDI32.dll
0x00007ffcedcf0000 - 0x00007ffceddfb000 	C:\WINDOWS\System32\gdi32full.dll
0x00007ffcedf60000 - 0x00007ffcedffd000 	C:\WINDOWS\System32\msvcp_win.dll
0x00007ffcdff50000 - 0x00007ffcdff5a000 	C:\WINDOWS\SYSTEM32\VERSION.dll
0x00007ffcee960000 - 0x00007ffcee990000 	C:\WINDOWS\System32\IMM32.DLL
0x00007ffcde350000 - 0x00007ffcde35c000 	C:\Program Files\Java\jdk-17.0.4.1\bin\vcruntime140_1.dll
0x00007ffcbe2d0000 - 0x00007ffcbe35d000 	C:\Program Files\Java\jdk-17.0.4.1\bin\msvcp140.dll
0x00007ffc9d0d0000 - 0x00007ffc9dc92000 	C:\Program Files\Java\jdk-17.0.4.1\bin\server\jvm.dll
0x00007ffcee7e0000 - 0x00007ffcee7e8000 	C:\WINDOWS\System32\PSAPI.DLL
0x00007ffcd10f0000 - 0x00007ffcd10f9000 	C:\WINDOWS\SYSTEM32\WSOCK32.dll
0x00007ffcef590000 - 0x00007ffcef5fb000 	C:\WINDOWS\System32\WS2_32.dll
0x00007ffccdb60000 - 0x00007ffccdb87000 	C:\WINDOWS\SYSTEM32\WINMM.dll
0x00007ffcec590000 - 0x00007ffcec5a2000 	C:\WINDOWS\SYSTEM32\kernel.appcore.dll
0x00007ffcd10e0000 - 0x00007ffcd10ea000 	C:\Program Files\Java\jdk-17.0.4.1\bin\jimage.dll
0x00007ffcec370000 - 0x00007ffcec554000 	C:\WINDOWS\SYSTEM32\DBGHELP.DLL
0x00007ffcc77d0000 - 0x00007ffcc77fc000 	C:\WINDOWS\SYSTEM32\dbgcore.DLL
0x00007ffcee000000 - 0x00007ffcee082000 	C:\WINDOWS\System32\bcryptPrimitives.dll
0x00007ffcbff60000 - 0x00007ffcbff85000 	C:\Program Files\Java\jdk-17.0.4.1\bin\java.dll

dbghelp: loaded successfully - version: 4.0.5 - missing functions: none
symbol engine: initialized successfully - sym options: 0x614 - pdb path: .;C:\Program Files\Java\jdk-17.0.4.1\bin;C:\WINDOWS\SYSTEM32;C:\WINDOWS\WinSxS\amd64_microsoft.windows.common-controls_6595b64144ccf1df_6.0.19041.1110_none_60b5254171f9507e;C:\Program Files\Java\jdk-17.0.4.1\bin\server

VM Arguments:
jvm_args: -Dfile.encoding=UTF-8 -Dscala.ext.dirs=C:\Users\MMC\.sbt\1.0\java9-rt-ext-oracle_corporation_17_0_4_1 -Xms1024m -Xmx1024m -Xss4M -XX:ReservedCodeCacheSize=128m 
java_command: xsbt.boot.Boot
java_class_path (initial): C:\Program Files (x86)\sbt\\bin\sbt-launch.jar
Launcher Type: SUN_STANDARD

[Global flags]
     intx CICompilerCount                          = 3                                         {product} {ergonomic}
     uint ConcGCThreads                            = 1                                         {product} {ergonomic}
     uint G1ConcRefinementThreads                  = 4                                         {product} {ergonomic}
   size_t G1HeapRegionSize                         = 1048576                                   {product} {ergonomic}
    uintx GCDrainStackTargetSize                   = 64                                        {product} {ergonomic}
   size_t InitialHeapSize                          = 1073741824                                {product} {command line}
   size_t MarkStackSize                            = 4194304                                   {product} {ergonomic}
   size_t MaxHeapSize                              = 1073741824                                {product} {command line}
   size_t MinHeapDeltaBytes                        = 1048576                                   {product} {ergonomic}
   size_t MinHeapSize                              = 1073741824                                {product} {command line}
    uintx NonProfiledCodeHeapSize                  = 0                                      {pd product} {ergonomic}
    uintx ProfiledCodeHeapSize                     = 0                                      {pd product} {ergonomic}
    uintx ReservedCodeCacheSize                    = 134217728                              {pd product} {command line}
   size_t SoftMaxHeapSize                          = 1073741824                             {manageable} {ergonomic}
     intx ThreadStackSize                          = 4096                                   {pd product} {command line}
     bool UseCompressedClassPointers               = true                           {product lp64_product} {ergonomic}
     bool UseCompressedOops                        = true                           {product lp64_product} {ergonomic}
     bool UseG1GC                                  = true                                      {product} {ergonomic}
     bool UseLargePagesIndividualAllocation        = false                                  {pd product} {ergonomic}

Logging:
Log output configuration:
 #0: stdout all=warning uptime,level,tags
 #1: stderr all=off uptime,level,tags

Environment Variables:
PATH=C:\Program Files\Common Files\Oracle\Java\javapath;C:\Program Files (x86)\Common Files\Oracle\Java\javapath;C:\WINDOWS\system32;C:\WINDOWS;C:\WINDOWS\System32\Wbem;C:\WINDOWS\System32\WindowsPowerShell\v1.0\;C:\WINDOWS\System32\OpenSSH\;C:\Program Files\GitHub CLI\;D:\software\git\Git\cmd;C:\Users\MMC\AppData\Local\Programs\Python\Python39\Scripts\;C:\Program Files (x86)\sbt\bin;C:\Program Files\nodejs\;C:\Program Files\Git LFS;C:\Users\MMC\AppData\Local\Programs\Python\Python39\Scripts\;C:\Users\MMC\AppData\Local\Programs\Python\Python39\;C:\Program Files (x86)\Common Files\Oracle\Java\javapath;C:\WINDOWS\system32;C:\WINDOWS;C:\WINDOWS\System32\Wbem;C:\WINDOWS\System32\WindowsPowerShell\v1.0\;C:\WINDOWS\System32\OpenSSH\;C:\Program Files\GitHub CLI\;D:\software\git\Git\cmd;C:\Users\MMC\AppData\Local\Microsoft\WindowsApps;C:\Program Files\JetBrains\PyCharm Community Edition 2021.2.3\bin;C:\Users\MMC\AppData\Local\GitHubDesktop\bin;C:\Users\MMC\AppData\Local\Programs\Python\Python39\Scripts;D:\software\Microsoft VS Code\bin;C:\Users\MMC\AppData\Roaming\Microsoft\Windows\Start Menu\Programs\Python 3.9;C:\Users\MMC\AppData\Roaming\npm;C:\Program Files\heroku\bin
USERNAME=MMC
OS=Windows_NT
PROCESSOR_IDENTIFIER=Intel64 Family 6 Model 78 Stepping 3, GenuineIntel



---------------  S Y S T E M  ---------------

OS:
 Windows 10 , 64 bit Build 19041 (10.0.19041.1566)
OS uptime: 11 days 16:15 hours

CPU: total 4 (initial active 4) (2 cores per cpu, 2 threads per core) family 6 model 78 stepping 3 microcode 0xcc, cx8, cmov, fxsr, ht, mmx, 3dnowpref, sse, sse2, sse3, ssse3, sse4.1, sse4.2, popcnt, lzcnt, tsc, tscinvbit, avx, avx2, aes, erms, clmul, bmi1, bmi2, rtm, adx, fma, vzeroupper, clflush, clflushopt

Memory: 4k page, system-wide physical 8072M (66M free)
TotalPageFile size 22981M (AvailPageFile size 616M)
current process WorkingSet (physical memory assigned to process): 9M, peak: 9M
current process commit charge ("private bytes"): 46M, peak: 1070M

vm_info: Java HotSpot(TM) 64-Bit Server VM (17.0.4.1+1-LTS-2) for windows-amd64 JRE (17.0.4.1+1-LTS-2), built on Aug 16 2022 18:32:06 by "mach5one" with MS VC++ 16.8 / 16.9 (VS2019)

END.
